<?xml version="1.0" encoding="UTF-8"?>
<!-- Generated by org.testng.reporters.JUnitReportReporter -->
<testsuite hostname="NehaJai-W7" name="tests.GlobalNavTest" tests="1" failures="0" timestamp="2 Jul 2018 10:17:04 GMT" time="119.885" errors="0">
  <testcase name="firstSearchResultIsRelatedTest" time="119.885" classname="tests.GlobalNavTest"/>
</testsuite> <!-- tests.GlobalNavTest -->
