<?xml version="1.0" encoding="UTF-8"?>
<!-- Generated by org.testng.reporters.JUnitReportReporter -->
<testsuite hostname="NehaJai-W7" name="Automation.Tcom_POC.AppTest" tests="1" failures="0" timestamp="2 Jul 2018 10:17:04 GMT" time="0.012" errors="0">
  <testcase name="testApp" time="0.012" classname="Automation.Tcom_POC.AppTest"/>
</testsuite> <!-- Automation.Tcom_POC.AppTest -->
